#
# A fatal error has been detected by the Java Runtime Environment:
#
#  EXCEPTION_ACCESS_VIOLATION (0xc0000005) at pc=0x00007ffbd8513416, pid=12256, tid=11704
#
# JRE version: OpenJDK Runtime Environment Temurin-17.0.2+8 (17.0.2+8) (build 17.0.2+8)
# Java VM: OpenJDK 64-Bit Server VM Temurin-17.0.2+8 (17.0.2+8, mixed mode, tiered, compressed oops, compressed class ptrs, g1 gc, windows-amd64)
# Problematic frame:
# C  [ntdll.dll+0x63416]
#
# No core dump will be written. Minidumps are not enabled by default on client versions of Windows
#
# If you would like to submit a bug report, please visit:
#   https://github.com/adoptium/adoptium-support/issues
# The crash happened outside the Java Virtual Machine in native code.
# See problematic frame for where to report the bug.
#

---------------  S U M M A R Y ------------

Command Line: -Dfile.encoding=Cp1250 --module-path=C:\Users\Mario\git\JavaProject_2D_FPS\Libs\jl.jar;C:\Users\Mario\git\JavaProject_2D_FPS\Libs\mpspi.jar;C:\Users\Mario\git\JavaProject_2D_FPS\Libs\tritonus_share.jar -XX:+ShowCodeDetailsInExceptionMessages Main.Main

Host: Intel(R) Core(TM) i7-7700HQ CPU @ 2.80GHz, 8 cores, 31G,  Windows 10 , 64 bit Build 19041 (10.0.19041.1566)
Time: Wed Apr 13 19:09:21 2022  Windows 10 , 64 bit Build 19041 (10.0.19041.1566) elapsed time: 4.422664 seconds (0d 0h 0m 4s)

---------------  T H R E A D  ---------------

Current thread (0x000001a0326a95a0):  JavaThread "Thread-0" [_thread_in_native, id=11704, stack(0x0000001a6e600000,0x0000001a6e700000)]

Stack: [0x0000001a6e600000,0x0000001a6e700000],  sp=0x0000001a6e6fe220,  free space=1016k
Native frames: (J=compiled Java code, j=interpreted, Vv=VM code, C=native code)
C  [ntdll.dll+0x63416]
C  [ntdll.dll+0x2fcb4]
C  [ntdll.dll+0x2fae2]
C  0x00007ffbc65cd65c

Java frames: (J=compiled Java code, j=interpreted, Vv=VM code)
j  sun.java2d.d3d.D3DSurfaceData.initOps(III)V+0 java.desktop@17.0.2
j  sun.java2d.d3d.D3DSurfaceData.<init>(Lsun/awt/windows/WComponentPeer;Lsun/java2d/d3d/D3DGraphicsConfig;IILjava/awt/Image;Ljava/awt/image/ColorModel;IILsun/java2d/pipe/hw/ExtendedBufferCapabilities$VSyncType;I)V+212 java.desktop@17.0.2
j  sun.java2d.d3d.D3DSurfaceData.createData(Lsun/java2d/d3d/D3DGraphicsConfig;IILjava/awt/image/ColorModel;Ljava/awt/Image;I)Lsun/java2d/d3d/D3DSurfaceData;+70 java.desktop@17.0.2
j  sun.java2d.d3d.D3DGraphicsConfig.createManagedSurface(III)Lsun/java2d/SurfaceData;+10 java.desktop@17.0.2
j  sun.java2d.d3d.D3DSurfaceDataProxy.validateSurfaceData(Lsun/java2d/SurfaceData;Lsun/java2d/SurfaceData;II)Lsun/java2d/SurfaceData;+22 java.desktop@17.0.2
j  sun.java2d.SurfaceDataProxy.replaceData(Lsun/java2d/SurfaceData;ILsun/java2d/loops/CompositeType;Ljava/awt/Color;)Lsun/java2d/SurfaceData;+191 java.desktop@17.0.2
J 1537 c1 sun.java2d.SurfaceData.getSourceSurfaceData(Ljava/awt/Image;ILsun/java2d/loops/CompositeType;Ljava/awt/Color;)Lsun/java2d/SurfaceData; java.desktop@17.0.2 (110 bytes) @ 0x000001a00cdb2684 [0x000001a00cdb1cc0+0x00000000000009c4]
j  sun.java2d.pipe.DrawImage.renderImageScale(Lsun/java2d/SunGraphics2D;Ljava/awt/Image;Ljava/awt/Color;IIIIIDDDD)Z+32 java.desktop@17.0.2
J 1732 c1 sun.java2d.pipe.DrawImage.tryCopyOrScale(Lsun/java2d/SunGraphics2D;Ljava/awt/Image;IIIILjava/awt/Color;I[D)Z java.desktop@17.0.2 (260 bytes) @ 0x000001a00ce12914 [0x000001a00ce11be0+0x0000000000000d34]
J 1656 c1 sun.java2d.pipe.DrawImage.transformImage(Lsun/java2d/SunGraphics2D;Ljava/awt/Image;Ljava/awt/geom/AffineTransform;IIIIILjava/awt/Color;)V java.desktop@17.0.2 (124 bytes) @ 0x000001a00cde6e4c [0x000001a00cde6aa0+0x00000000000003ac]
J 1719 c1 sun.java2d.pipe.DrawImage.scaleImage(Lsun/java2d/SunGraphics2D;Ljava/awt/Image;IIIILjava/awt/Color;)Z java.desktop@17.0.2 (186 bytes) @ 0x000001a00ce084d4 [0x000001a00ce07c40+0x0000000000000894]
J 1718 c1 sun.java2d.pipe.DrawImage.scaleImage(Lsun/java2d/SunGraphics2D;Ljava/awt/Image;IIIILjava/awt/Color;Ljava/awt/image/ImageObserver;)Z java.desktop@17.0.2 (68 bytes) @ 0x000001a00ce0776c [0x000001a00ce07280+0x00000000000004ec]
j  sun.java2d.pipe.ValidatePipe.scaleImage(Lsun/java2d/SunGraphics2D;Ljava/awt/Image;IIIILjava/awt/Color;Ljava/awt/image/ImageObserver;)Z+25 java.desktop@17.0.2
j  sun.java2d.SunGraphics2D.drawImage(Ljava/awt/Image;IIIILjava/awt/Color;Ljava/awt/image/ImageObserver;)Z+119 java.desktop@17.0.2
J 1716 c1 sun.java2d.SunGraphics2D.drawImage(Ljava/awt/Image;IIIILjava/awt/image/ImageObserver;)Z java.desktop@17.0.2 (15 bytes) @ 0x000001a00ce06b24 [0x000001a00ce06aa0+0x0000000000000084]
j  Main.GamePanel.drawToScreen()V+19
j  Main.GamePanel.run()V+20
j  java.lang.Thread.run()V+11 java.base@17.0.2
v  ~StubRoutines::call_stub

siginfo: EXCEPTION_ACCESS_VIOLATION (0xc0000005), writing address 0x0000000000000024


Register to memory mapping:

RIP=0x00007ffbd8513416 ntdll.dll
RAX=0x0 is NULL
RBX=0x000001a0322db7c8 points into unknown readable memory: 0x0000000000000000 | 00 00 00 00 00 00 00 00
RCX=0x000001a0322db7c8 points into unknown readable memory: 0x0000000000000000 | 00 00 00 00 00 00 00 00
RDX=0x00000000fffffffa is an unknown value
RSP=0x0000001a6e6fe220 is pointing into the stack for thread: 0x000001a0326a95a0
RBP=65536 is a compressed pointer to class: 0x0000000800010000
jdk.internal.ref.CleanerImpl {0x0000000800010008}
 - instance size:     3
 - klass size:        68
 - access:            public final synchronized 
 - state:             fully_initialized
 - name:              'jdk/internal/ref/CleanerImpl'
 - super:             'java/lang/Object'
 - sub:               
 - arrays:            NULL
 - methods:           Array<T>(0x000001a03186b1b8)
 - method ordering:   Array<T>(0x000001a031400018)
 - default_methods:   Array<T>(0x0000000000000000)
 - local interfaces:  Array<T>(0x000001a03186b178)
 - trans. interfaces: Array<T>(0x000001a03186b178)
 - constants:         constant pool [145] {0x000001a03186ac20} for 'jdk/internal/ref/CleanerImpl' cache=0x000001a03186b700
 - class loader data:  loader data: 0x000001a0311a3ea0 of 'bootstrap'
 - source file:       'CleanerImpl.java'
 - class annotations:       Array<T>(0x0000000000000000)
 - class type annotations:  Array<T>(0x0000000000000000)
 - field annotations:       Array<T>(0x0000000000000000)
 - field type annotations:  Array<T>(0x0000000000000000)
 - inner classes:     Array<T>(0x000001a03186b6c0)
 - nest members:     Array<T>(0x000001a03186b6f0)
 - permitted subclasses:     Array<T>(0x000001a031400028)
 - java mirror:       a 'java/lang/Class'{0x000000061ec201a8} = 'jdk/internal/ref/CleanerImpl'
 - vtable length      5  (start addr: 0x00000008000101c8)
 - itable length      5 (start addr: 0x00000008000101f0)
 - ---- static fields (1 words):
 - private static 'cleanerImplAccess' 'Ljava/util/function/Function;' @112 
 - ---- non-static fields (2 words):
 - final 'phantomCleanableList' 'Ljdk/internal/ref/PhantomCleanable;' @12 
 - final 'queue' 'Ljava/lang/ref/ReferenceQueue;' @16 
 - non-static oop maps: 12-16 
RSI=0x0 is NULL
RDI=0x0 is NULL
R8 =0x0 is NULL
R9 =0x000001a0322db700 points into unknown readable memory: 0x0000000000000000 | 00 00 00 00 00 00 00 00
R10=0x000001a0326f0390 points into unknown readable memory: 0x0000002000000003 | 03 00 00 00 20 00 00 00
R11=0x000001a03ac40a10 points into unknown readable memory: 0x00007ffb766e3720 | 20 37 6e 76 fb 7f 00 00
R12=0x0 is NULL
R13=0x0000001a6c991000 points into unknown readable memory: 0x0000000000000000 | 00 00 00 00 00 00 00 00
R14=0x0000000000000001 is an unknown value
R15=0x0 is NULL


Registers:
RAX=0x0000000000000000, RBX=0x000001a0322db7c8, RCX=0x000001a0322db7c8, RDX=0x00000000fffffffa
RSP=0x0000001a6e6fe220, RBP=0x0000000000010000, RSI=0x0000000000000000, RDI=0x0000000000000000
R8 =0x0000000000000000, R9 =0x000001a0322db700, R10=0x000001a0326f0390, R11=0x000001a03ac40a10
R12=0x0000000000000000, R13=0x0000001a6c991000, R14=0x0000000000000001, R15=0x0000000000000000
RIP=0x00007ffbd8513416, EFLAGS=0x0000000000010213

Top of Stack: (sp=0x0000001a6e6fe220)
0x0000001a6e6fe220:   ffffffffffffffff 000001a0322db7c8
0x0000001a6e6fe230:   0000000600000000 00007ffb7672fb70
0x0000001a6e6fe240:   000001a0326a95a0 000001a03ac40a10
0x0000001a6e6fe250:   000001a006e502b8 000001a014050cc3
0x0000001a6e6fe260:   000001a032c67300 00000000fffffffa
0x0000001a6e6fe270:   0000001a6c991000 0000001a6e6fe228
0x0000001a6e6fe280:   0000001a6e6fe269 0000000800000005
0x0000001a6e6fe290:   000001a032c67300 0000000000000000
0x0000001a6e6fe2a0:   00001c4d444ba5fb 0000001a0000000e
0x0000001a6e6fe2b0:   000086a5a8a0bbf6 0000000000000000
0x0000001a6e6fe2c0:   000001a0326a9500 0000000000000001
0x0000001a6e6fe2d0:   0000000000000001 0000000000000001
0x0000001a6e6fe2e0:   0000000000000000 000001a0322db7c8
0x0000001a6e6fe2f0:   0000000000010000 00007ffbd84dfcb4
0x0000001a6e6fe300:   000001a031f30e10 00007ffb74af5ef3
0x0000001a6e6fe310:   00000000fffffffa 0000000000000000 

Instructions: (pc=0x00007ffbd8513416)
0x00007ffbd8513316:   20 e9 ed fe ff ff 48 89 41 18 e9 e4 fe ff ff cc
0x00007ffbd8513326:   cc cc cc cc cc cc cc cc cc cc 80 3d d1 71 10 00
0x00007ffbd8513336:   00 0f 95 c0 c3 cc cc cc cc cc cc cc cc cc cc cc
0x00007ffbd8513346:   cc cc cc cc cc cc cc cc cc cc 48 83 ec 38 8b 05
0x00007ffbd8513356:   d2 57 10 00 89 44 24 20 e8 41 02 00 00 48 83 c4
0x00007ffbd8513366:   38 c3 cc cc cc cc cc cc cc cc 48 89 5c 24 18 55
0x00007ffbd8513376:   56 57 41 54 41 55 41 56 41 57 48 81 ec a0 00 00
0x00007ffbd8513386:   00 48 8b 05 82 f1 11 00 48 33 c4 48 89 84 24 90
0x00007ffbd8513396:   00 00 00 65 4c 8b 2c 25 30 00 00 00 48 8d 05 4f
0x00007ffbd85133a6:   11 10 00 40 32 ed 89 54 24 48 33 f6 40 88 6c 24
0x00007ffbd85133b6:   40 4c 89 6c 24 50 48 8b d9 44 8b e6 48 3b c8 0f
0x00007ffbd85133c6:   84 39 01 00 00 40 38 35 36 71 10 00 0f 85 a8 01
0x00007ffbd85133d6:   00 00 39 35 4a 71 10 00 0f 85 6a 01 00 00 40 38
0x00007ffbd85133e6:   35 0d 6c 10 00 48 8d 3d 0e 6c 10 00 48 0f 45 fe
0x00007ffbd85133f6:   48 39 73 18 0f 84 d2 00 00 00 48 8b 03 48 83 f8
0x00007ffbd8513406:   ff 0f 84 d2 00 00 00 44 8b fe 48 83 f8 ff 74 03
0x00007ffbd8513416:   ff 40 24 4c 8b 73 18 4c 8d 2d d4 10 10 00 bd 22
0x00007ffbd8513426:   17 00 00 e8 22 14 fc ff 85 c0 0f 85 be b2 05 00
0x00007ffbd8513436:   b9 82 03 fe 7f 80 39 00 0f 85 cc b2 05 00 49 83
0x00007ffbd8513446:   fe ff 0f 85 5a b3 05 00 4c 8b cf c7 44 24 20 00
0x00007ffbd8513456:   00 00 00 41 b8 04 00 00 00 48 8d 54 24 48 48 8d
0x00007ffbd8513466:   4b 08 e8 37 01 00 00 3d 02 01 00 00 0f 84 43 b3
0x00007ffbd8513476:   05 00 8b 4b 08 89 4c 24 48 f6 c1 02 75 ca 3d 02
0x00007ffbd8513486:   01 00 00 0f 84 2c b3 05 00 0f b6 6c 24 40 4c 8b
0x00007ffbd8513496:   6c 24 50 85 c0 0f 88 78 b4 05 00 40 84 ed 75 73
0x00007ffbd85134a6:   48 8b 8c 24 90 00 00 00 48 33 cc e8 7a 8d 02 00
0x00007ffbd85134b6:   48 8b 9c 24 f0 00 00 00 48 81 c4 a0 00 00 00 41
0x00007ffbd85134c6:   5f 41 5e 41 5d 41 5c 5f 5e 5d c3 cc 48 8b cb e8
0x00007ffbd85134d6:   56 05 00 00 e9 21 ff ff ff 8b 4b 20 48 c7 c0 ff
0x00007ffbd85134e6:   ff ff ff 48 0f ba e1 18 0f 82 19 ff ff ff 48 8b
0x00007ffbd85134f6:   cb e8 44 e3 fa ff 48 8b 03 e9 09 ff ff ff c6 44
0x00007ffbd8513506:   24 40 01 41 c7 85 60 17 00 00 01 00 00 00 e9 b2 


Stack slot to memory mapping:
stack at sp + 0 slots: 0xffffffffffffffff is an unknown value
stack at sp + 1 slots: 0x000001a0322db7c8 points into unknown readable memory: 0x0000000000000000 | 00 00 00 00 00 00 00 00
stack at sp + 2 slots: 0x0000000600000000 is an unknown value
stack at sp + 3 slots: 0x00007ffb7672fb70 awt.dll
stack at sp + 4 slots: 0x000001a0326a95a0 is a thread
stack at sp + 5 slots: 0x000001a03ac40a10 points into unknown readable memory: 0x00007ffb766e3720 | 20 37 6e 76 fb 7f 00 00
stack at sp + 6 slots: 0x000001a006e502b8 points into unknown readable memory: 0x0006000701050006 | 06 00 05 01 07 00 06 00
stack at sp + 7 slots: 0x000001a014050cc3 is at entry_point+291 in (nmethod*)0x000001a014050a10


---------------  P R O C E S S  ---------------

Threads class SMR info:
_java_thread_list=0x000001a03b4a7e90, length=21, elements={
0x000001a03130e640, 0x000001a031c50650, 0x000001a031c26cf0, 0x000001a031c276a0,
0x000001a031c65080, 0x000001a031c66a40, 0x000001a031c9ddd0, 0x000001a031c9e6d0,
0x000001a031ca0fe0, 0x000001a031d7e770, 0x000001a031f49ad0, 0x000001a03212c4c0,
0x000001a03212c990, 0x000001a0326aa070, 0x000001a0326a95a0, 0x000001a008ebb740,
0x000001a032711650, 0x000001a0327124c0, 0x000001a03af340f0, 0x000001a03af31a70,
0x000001a03af33750
}

Java Threads: ( => current thread )
  0x000001a03130e640 JavaThread "Reference Handler" daemon [_thread_blocked, id=6956, stack(0x0000001a6d400000,0x0000001a6d500000)]
  0x000001a031c50650 JavaThread "Finalizer" daemon [_thread_blocked, id=8516, stack(0x0000001a6d500000,0x0000001a6d600000)]
  0x000001a031c26cf0 JavaThread "Signal Dispatcher" daemon [_thread_blocked, id=4148, stack(0x0000001a6d600000,0x0000001a6d700000)]
  0x000001a031c276a0 JavaThread "Attach Listener" daemon [_thread_blocked, id=7388, stack(0x0000001a6d700000,0x0000001a6d800000)]
  0x000001a031c65080 JavaThread "Service Thread" daemon [_thread_blocked, id=7724, stack(0x0000001a6d800000,0x0000001a6d900000)]
  0x000001a031c66a40 JavaThread "Monitor Deflation Thread" daemon [_thread_blocked, id=13724, stack(0x0000001a6d900000,0x0000001a6da00000)]
  0x000001a031c9ddd0 JavaThread "C2 CompilerThread0" daemon [_thread_blocked, id=8332, stack(0x0000001a6da00000,0x0000001a6db00000)]
  0x000001a031c9e6d0 JavaThread "C1 CompilerThread0" daemon [_thread_blocked, id=7816, stack(0x0000001a6db00000,0x0000001a6dc00000)]
  0x000001a031ca0fe0 JavaThread "Sweeper thread" daemon [_thread_blocked, id=11956, stack(0x0000001a6dc00000,0x0000001a6dd00000)]
  0x000001a031d7e770 JavaThread "Common-Cleaner" daemon [_thread_blocked, id=8116, stack(0x0000001a6dd00000,0x0000001a6de00000)]
  0x000001a031f49ad0 JavaThread "Notification Thread" daemon [_thread_blocked, id=1484, stack(0x0000001a6df00000,0x0000001a6e000000)]
  0x000001a03212c4c0 JavaThread "Java2D Disposer" daemon [_thread_blocked, id=2768, stack(0x0000001a6e100000,0x0000001a6e200000)]
  0x000001a03212c990 JavaThread "AWT-Shutdown" [_thread_blocked, id=4548, stack(0x0000001a6e200000,0x0000001a6e300000)]
  0x000001a0326aa070 JavaThread "AWT-EventQueue-0" [_thread_blocked, id=1624, stack(0x0000001a6de00000,0x0000001a6df00000)]
=>0x000001a0326a95a0 JavaThread "Thread-0" [_thread_in_native, id=11704, stack(0x0000001a6e600000,0x0000001a6e700000)]
  0x000001a008ebb740 JavaThread "DestroyJavaVM" [_thread_blocked, id=7048, stack(0x0000001a6cd00000,0x0000001a6ce00000)]
  0x000001a032711650 JavaThread "Java Sound Event Dispatcher" daemon [_thread_blocked, id=13032, stack(0x0000001a6eb00000,0x0000001a6ec00000)]
  0x000001a0327124c0 JavaThread "Direct Clip" daemon [_thread_blocked, id=12540, stack(0x0000001a6ef00000,0x0000001a6f000000)]
  0x000001a03af340f0 JavaThread "Direct Clip" daemon [_thread_blocked, id=8648, stack(0x0000001a6f000000,0x0000001a6f100000)]
  0x000001a03af31a70 JavaThread "Direct Clip" daemon [_thread_blocked, id=10192, stack(0x0000001a6f100000,0x0000001a6f200000)]
  0x000001a03af33750 JavaThread "Direct Clip" daemon [_thread_blocked, id=428, stack(0x0000001a6fa00000,0x0000001a6fb00000)]

Other Threads:
  0x000001a03130d610 VMThread "VM Thread" [stack: 0x0000001a6d300000,0x0000001a6d400000] [id=5860]
  0x000001a008f4f470 WatcherThread [stack: 0x0000001a6e000000,0x0000001a6e100000] [id=10924]
  0x000001a008f31cf0 GCTaskThread "GC Thread#0" [stack: 0x0000001a6ce00000,0x0000001a6cf00000] [id=7764]
  0x000001a03ac49f50 GCTaskThread "GC Thread#1" [stack: 0x0000001a6f300000,0x0000001a6f400000] [id=8992]
  0x000001a03ac49740 GCTaskThread "GC Thread#2" [stack: 0x0000001a6f400000,0x0000001a6f500000] [id=2192]
  0x000001a03ac49ca0 GCTaskThread "GC Thread#3" [stack: 0x0000001a6f500000,0x0000001a6f600000] [id=1260]
  0x000001a03ac4a200 GCTaskThread "GC Thread#4" [stack: 0x0000001a6f600000,0x0000001a6f700000] [id=1052]
  0x000001a03b0fa080 GCTaskThread "GC Thread#5" [stack: 0x0000001a6f700000,0x0000001a6f800000] [id=2244]
  0x000001a03b0fd0e0 GCTaskThread "GC Thread#6" [stack: 0x0000001a6f800000,0x0000001a6f900000] [id=8492]
  0x000001a03b0fa330 GCTaskThread "GC Thread#7" [stack: 0x0000001a6f900000,0x0000001a6fa00000] [id=7452]
  0x000001a008f43390 ConcurrentGCThread "G1 Main Marker" [stack: 0x0000001a6cf00000,0x0000001a6d000000] [id=884]
  0x000001a008f44db0 ConcurrentGCThread "G1 Conc#0" [stack: 0x0000001a6d000000,0x0000001a6d100000] [id=9248]
  0x000001a0311920d0 ConcurrentGCThread "G1 Refine#0" [stack: 0x0000001a6d100000,0x0000001a6d200000] [id=14312]
  0x000001a031194a00 ConcurrentGCThread "G1 Service" [stack: 0x0000001a6d200000,0x0000001a6d300000] [id=8288]

Threads with active compile tasks:

VM state: not at safepoint (normal execution)

VM Mutex/Monitor currently owned by a thread: None

Heap address: 0x0000000600800000, size: 8184 MB, Compressed Oops mode: Zero based, Oop shift amount: 3

CDS archive(s) not mapped
Compressed class space mapped at: 0x0000000800000000-0x0000000840000000, reserved size: 1073741824
Narrow klass base: 0x0000000800000000, Narrow klass shift: 0, Narrow klass range: 0x40000000

GC Precious Log:
 CPUs: 8 total, 8 available
 Memory: 32723M
 Large Page Support: Disabled
 NUMA Support: Disabled
 Compressed Oops: Enabled (Zero based)
 Heap Region Size: 4M
 Heap Min Capacity: 8M
 Heap Initial Capacity: 512M
 Heap Max Capacity: 8184M
 Pre-touch: Disabled
 Parallel Workers: 8
 Concurrent Workers: 2
 Concurrent Refinement Workers: 8
 Periodic GC: Disabled

Heap:
 garbage-first heap   total 524288K, used 72743K [0x0000000600800000, 0x0000000800000000)
  region size 4096K, 3 young (12288K), 1 survivors (4096K)
 Metaspace       used 16952K, committed 17088K, reserved 1064960K
  class space    used 1703K, committed 1792K, reserved 1048576K

Heap Regions: E=young(eden), S=young(survivor), O=old, HS=humongous(starts), HC=humongous(continues), CS=collection set, F=free, OA=open archive, CA=closed archive, TAMS=top-at-mark-start (previous, next)
|   0|0x0000000600800000, 0x0000000600c00000, 0x0000000600c00000|100%|HS|  |TAMS 0x0000000600800000, 0x0000000600800000| Complete 
|   1|0x0000000600c00000, 0x0000000601000000, 0x0000000601000000|100%|HS|  |TAMS 0x0000000600c00000, 0x0000000600c00000| Complete 
|   2|0x0000000601000000, 0x0000000601400000, 0x0000000601400000|100%|HS|  |TAMS 0x0000000601000000, 0x0000000601000000| Complete 
|   3|0x0000000601400000, 0x0000000601400000, 0x0000000601800000|  0%| F|  |TAMS 0x0000000601400000, 0x0000000601400000| Untracked 
|   4|0x0000000601800000, 0x0000000601c00000, 0x0000000601c00000|100%|HS|  |TAMS 0x0000000601800000, 0x0000000601800000| Complete 
|   5|0x0000000601c00000, 0x0000000601c00000, 0x0000000602000000|  0%| F|  |TAMS 0x0000000601c00000, 0x0000000601c00000| Untracked 
|   6|0x0000000602000000, 0x0000000602400000, 0x0000000602400000|100%|HS|  |TAMS 0x0000000602000000, 0x0000000602000000| Complete 
|   7|0x0000000602400000, 0x0000000602709e00, 0x0000000602800000| 75%| O|  |TAMS 0x0000000602400000, 0x0000000602400000| Untracked 
|   8|0x0000000602800000, 0x0000000602c00000, 0x0000000602c00000|100%|HS|  |TAMS 0x0000000602800000, 0x0000000602800000| Complete 
|   9|0x0000000602c00000, 0x0000000603000000, 0x0000000603000000|100%|HC|  |TAMS 0x0000000602c00000, 0x0000000602c00000| Complete 
|  10|0x0000000603000000, 0x0000000603400000, 0x0000000603400000|100%|HS|  |TAMS 0x0000000603000000, 0x0000000603000000| Complete 
|  11|0x0000000603400000, 0x0000000603800000, 0x0000000603800000|100%|HC|  |TAMS 0x0000000603400000, 0x0000000603400000| Complete 
|  12|0x0000000603800000, 0x0000000603c00000, 0x0000000603c00000|100%|HC|  |TAMS 0x0000000603800000, 0x0000000603800000| Complete 
|  13|0x0000000603c00000, 0x0000000604000000, 0x0000000604000000|100%|HS|  |TAMS 0x0000000603c00000, 0x0000000603c00000| Complete 
|  14|0x0000000604000000, 0x0000000604400000, 0x0000000604400000|100%|HC|  |TAMS 0x0000000604000000, 0x0000000604000000| Complete 
|  15|0x0000000604400000, 0x0000000604800000, 0x0000000604800000|100%|HC|  |TAMS 0x0000000604400000, 0x0000000604400000| Complete 
|  16|0x0000000604800000, 0x0000000604c00000, 0x0000000604c00000|100%|HC|  |TAMS 0x0000000604800000, 0x0000000604800000| Complete 
|  17|0x0000000604c00000, 0x0000000605000000, 0x0000000605000000|100%|HC|  |TAMS 0x0000000604c00000, 0x0000000604c00000| Complete 
|  18|0x0000000605000000, 0x0000000605000000, 0x0000000605400000|  0%| F|  |TAMS 0x0000000605000000, 0x0000000605000000| Untracked 
|  19|0x0000000605400000, 0x0000000605400000, 0x0000000605800000|  0%| F|  |TAMS 0x0000000605400000, 0x0000000605400000| Untracked 
|  20|0x0000000605800000, 0x0000000605800000, 0x0000000605c00000|  0%| F|  |TAMS 0x0000000605800000, 0x0000000605800000| Untracked 
|  21|0x0000000605c00000, 0x0000000605c00000, 0x0000000606000000|  0%| F|  |TAMS 0x0000000605c00000, 0x0000000605c00000| Untracked 
|  22|0x0000000606000000, 0x0000000606000000, 0x0000000606400000|  0%| F|  |TAMS 0x0000000606000000, 0x0000000606000000| Untracked 
|  23|0x0000000606400000, 0x0000000606400000, 0x0000000606800000|  0%| F|  |TAMS 0x0000000606400000, 0x0000000606400000| Untracked 
|  24|0x0000000606800000, 0x0000000606800000, 0x0000000606c00000|  0%| F|  |TAMS 0x0000000606800000, 0x0000000606800000| Untracked 
|  25|0x0000000606c00000, 0x0000000606c00000, 0x0000000607000000|  0%| F|  |TAMS 0x0000000606c00000, 0x0000000606c00000| Untracked 
|  26|0x0000000607000000, 0x0000000607000000, 0x0000000607400000|  0%| F|  |TAMS 0x0000000607000000, 0x0000000607000000| Untracked 
|  27|0x0000000607400000, 0x0000000607400000, 0x0000000607800000|  0%| F|  |TAMS 0x0000000607400000, 0x0000000607400000| Untracked 
|  28|0x0000000607800000, 0x0000000607800000, 0x0000000607c00000|  0%| F|  |TAMS 0x0000000607800000, 0x0000000607800000| Untracked 
|  29|0x0000000607c00000, 0x0000000607c00000, 0x0000000608000000|  0%| F|  |TAMS 0x0000000607c00000, 0x0000000607c00000| Untracked 
|  30|0x0000000608000000, 0x0000000608000000, 0x0000000608400000|  0%| F|  |TAMS 0x0000000608000000, 0x0000000608000000| Untracked 
|  31|0x0000000608400000, 0x0000000608400000, 0x0000000608800000|  0%| F|  |TAMS 0x0000000608400000, 0x0000000608400000| Untracked 
|  32|0x0000000608800000, 0x0000000608800000, 0x0000000608c00000|  0%| F|  |TAMS 0x0000000608800000, 0x0000000608800000| Untracked 
|  33|0x0000000608c00000, 0x0000000608c00000, 0x0000000609000000|  0%| F|  |TAMS 0x0000000608c00000, 0x0000000608c00000| Untracked 
|  34|0x0000000609000000, 0x0000000609000000, 0x0000000609400000|  0%| F|  |TAMS 0x0000000609000000, 0x0000000609000000| Untracked 
|  35|0x0000000609400000, 0x0000000609400000, 0x0000000609800000|  0%| F|  |TAMS 0x0000000609400000, 0x0000000609400000| Untracked 
|  36|0x0000000609800000, 0x0000000609800000, 0x0000000609c00000|  0%| F|  |TAMS 0x0000000609800000, 0x0000000609800000| Untracked 
|  37|0x0000000609c00000, 0x0000000609c00000, 0x000000060a000000|  0%| F|  |TAMS 0x0000000609c00000, 0x0000000609c00000| Untracked 
|  38|0x000000060a000000, 0x000000060a000000, 0x000000060a400000|  0%| F|  |TAMS 0x000000060a000000, 0x000000060a000000| Untracked 
|  39|0x000000060a400000, 0x000000060a400000, 0x000000060a800000|  0%| F|  |TAMS 0x000000060a400000, 0x000000060a400000| Untracked 
|  40|0x000000060a800000, 0x000000060a800000, 0x000000060ac00000|  0%| F|  |TAMS 0x000000060a800000, 0x000000060a800000| Untracked 
|  41|0x000000060ac00000, 0x000000060ac00000, 0x000000060b000000|  0%| F|  |TAMS 0x000000060ac00000, 0x000000060ac00000| Untracked 
|  42|0x000000060b000000, 0x000000060b000000, 0x000000060b400000|  0%| F|  |TAMS 0x000000060b000000, 0x000000060b000000| Untracked 
|  43|0x000000060b400000, 0x000000060b400000, 0x000000060b800000|  0%| F|  |TAMS 0x000000060b400000, 0x000000060b400000| Untracked 
|  44|0x000000060b800000, 0x000000060b800000, 0x000000060bc00000|  0%| F|  |TAMS 0x000000060b800000, 0x000000060b800000| Untracked 
|  45|0x000000060bc00000, 0x000000060bc00000, 0x000000060c000000|  0%| F|  |TAMS 0x000000060bc00000, 0x000000060bc00000| Untracked 
|  46|0x000000060c000000, 0x000000060c000000, 0x000000060c400000|  0%| F|  |TAMS 0x000000060c000000, 0x000000060c000000| Untracked 
|  47|0x000000060c400000, 0x000000060c400000, 0x000000060c800000|  0%| F|  |TAMS 0x000000060c400000, 0x000000060c400000| Untracked 
|  48|0x000000060c800000, 0x000000060c800000, 0x000000060cc00000|  0%| F|  |TAMS 0x000000060c800000, 0x000000060c800000| Untracked 
|  49|0x000000060cc00000, 0x000000060cc00000, 0x000000060d000000|  0%| F|  |TAMS 0x000000060cc00000, 0x000000060cc00000| Untracked 
|  50|0x000000060d000000, 0x000000060d000000, 0x000000060d400000|  0%| F|  |TAMS 0x000000060d000000, 0x000000060d000000| Untracked 
|  51|0x000000060d400000, 0x000000060d400000, 0x000000060d800000|  0%| F|  |TAMS 0x000000060d400000, 0x000000060d400000| Untracked 
|  52|0x000000060d800000, 0x000000060d800000, 0x000000060dc00000|  0%| F|  |TAMS 0x000000060d800000, 0x000000060d800000| Untracked 
|  53|0x000000060dc00000, 0x000000060dc00000, 0x000000060e000000|  0%| F|  |TAMS 0x000000060dc00000, 0x000000060dc00000| Untracked 
|  54|0x000000060e000000, 0x000000060e000000, 0x000000060e400000|  0%| F|  |TAMS 0x000000060e000000, 0x000000060e000000| Untracked 
|  55|0x000000060e400000, 0x000000060e400000, 0x000000060e800000|  0%| F|  |TAMS 0x000000060e400000, 0x000000060e400000| Untracked 
|  56|0x000000060e800000, 0x000000060e800000, 0x000000060ec00000|  0%| F|  |TAMS 0x000000060e800000, 0x000000060e800000| Untracked 
|  57|0x000000060ec00000, 0x000000060ec00000, 0x000000060f000000|  0%| F|  |TAMS 0x000000060ec00000, 0x000000060ec00000| Untracked 
|  58|0x000000060f000000, 0x000000060f000000, 0x000000060f400000|  0%| F|  |TAMS 0x000000060f000000, 0x000000060f000000| Untracked 
|  59|0x000000060f400000, 0x000000060f400000, 0x000000060f800000|  0%| F|  |TAMS 0x000000060f400000, 0x000000060f400000| Untracked 
|  60|0x000000060f800000, 0x000000060f800000, 0x000000060fc00000|  0%| F|  |TAMS 0x000000060f800000, 0x000000060f800000| Untracked 
|  61|0x000000060fc00000, 0x000000060fc00000, 0x0000000610000000|  0%| F|  |TAMS 0x000000060fc00000, 0x000000060fc00000| Untracked 
|  62|0x0000000610000000, 0x0000000610000000, 0x0000000610400000|  0%| F|  |TAMS 0x0000000610000000, 0x0000000610000000| Untracked 
|  63|0x0000000610400000, 0x0000000610400000, 0x0000000610800000|  0%| F|  |TAMS 0x0000000610400000, 0x0000000610400000| Untracked 
|  64|0x0000000610800000, 0x0000000610800000, 0x0000000610c00000|  0%| F|  |TAMS 0x0000000610800000, 0x0000000610800000| Untracked 
|  65|0x0000000610c00000, 0x0000000610c00000, 0x0000000611000000|  0%| F|  |TAMS 0x0000000610c00000, 0x0000000610c00000| Untracked 
|  66|0x0000000611000000, 0x0000000611000000, 0x0000000611400000|  0%| F|  |TAMS 0x0000000611000000, 0x0000000611000000| Untracked 
|  67|0x0000000611400000, 0x0000000611400000, 0x0000000611800000|  0%| F|  |TAMS 0x0000000611400000, 0x0000000611400000| Untracked 
|  68|0x0000000611800000, 0x0000000611800000, 0x0000000611c00000|  0%| F|  |TAMS 0x0000000611800000, 0x0000000611800000| Untracked 
|  69|0x0000000611c00000, 0x0000000611c00000, 0x0000000612000000|  0%| F|  |TAMS 0x0000000611c00000, 0x0000000611c00000| Untracked 
|  70|0x0000000612000000, 0x0000000612000000, 0x0000000612400000|  0%| F|  |TAMS 0x0000000612000000, 0x0000000612000000| Untracked 
|  71|0x0000000612400000, 0x0000000612400000, 0x0000000612800000|  0%| F|  |TAMS 0x0000000612400000, 0x0000000612400000| Untracked 
|  72|0x0000000612800000, 0x0000000612800000, 0x0000000612c00000|  0%| F|  |TAMS 0x0000000612800000, 0x0000000612800000| Untracked 
|  73|0x0000000612c00000, 0x0000000612c00000, 0x0000000613000000|  0%| F|  |TAMS 0x0000000612c00000, 0x0000000612c00000| Untracked 
|  74|0x0000000613000000, 0x0000000613000000, 0x0000000613400000|  0%| F|  |TAMS 0x0000000613000000, 0x0000000613000000| Untracked 
|  75|0x0000000613400000, 0x0000000613400000, 0x0000000613800000|  0%| F|  |TAMS 0x0000000613400000, 0x0000000613400000| Untracked 
|  76|0x0000000613800000, 0x0000000613800000, 0x0000000613c00000|  0%| F|  |TAMS 0x0000000613800000, 0x0000000613800000| Untracked 
|  77|0x0000000613c00000, 0x0000000613c00000, 0x0000000614000000|  0%| F|  |TAMS 0x0000000613c00000, 0x0000000613c00000| Untracked 
|  78|0x0000000614000000, 0x0000000614000000, 0x0000000614400000|  0%| F|  |TAMS 0x0000000614000000, 0x0000000614000000| Untracked 
|  79|0x0000000614400000, 0x0000000614400000, 0x0000000614800000|  0%| F|  |TAMS 0x0000000614400000, 0x0000000614400000| Untracked 
|  80|0x0000000614800000, 0x0000000614800000, 0x0000000614c00000|  0%| F|  |TAMS 0x0000000614800000, 0x0000000614800000| Untracked 
|  81|0x0000000614c00000, 0x0000000614c00000, 0x0000000615000000|  0%| F|  |TAMS 0x0000000614c00000, 0x0000000614c00000| Untracked 
|  82|0x0000000615000000, 0x0000000615000000, 0x0000000615400000|  0%| F|  |TAMS 0x0000000615000000, 0x0000000615000000| Untracked 
|  83|0x0000000615400000, 0x0000000615400000, 0x0000000615800000|  0%| F|  |TAMS 0x0000000615400000, 0x0000000615400000| Untracked 
|  84|0x0000000615800000, 0x0000000615800000, 0x0000000615c00000|  0%| F|  |TAMS 0x0000000615800000, 0x0000000615800000| Untracked 
|  85|0x0000000615c00000, 0x0000000615c00000, 0x0000000616000000|  0%| F|  |TAMS 0x0000000615c00000, 0x0000000615c00000| Untracked 
|  86|0x0000000616000000, 0x0000000616000000, 0x0000000616400000|  0%| F|  |TAMS 0x0000000616000000, 0x0000000616000000| Untracked 
|  87|0x0000000616400000, 0x0000000616400000, 0x0000000616800000|  0%| F|  |TAMS 0x0000000616400000, 0x0000000616400000| Untracked 
|  88|0x0000000616800000, 0x0000000616800000, 0x0000000616c00000|  0%| F|  |TAMS 0x0000000616800000, 0x0000000616800000| Untracked 
|  89|0x0000000616c00000, 0x0000000616c00000, 0x0000000617000000|  0%| F|  |TAMS 0x0000000616c00000, 0x0000000616c00000| Untracked 
|  90|0x0000000617000000, 0x0000000617000000, 0x0000000617400000|  0%| F|  |TAMS 0x0000000617000000, 0x0000000617000000| Untracked 
|  91|0x0000000617400000, 0x0000000617400000, 0x0000000617800000|  0%| F|  |TAMS 0x0000000617400000, 0x0000000617400000| Untracked 
|  92|0x0000000617800000, 0x0000000617800000, 0x0000000617c00000|  0%| F|  |TAMS 0x0000000617800000, 0x0000000617800000| Untracked 
|  93|0x0000000617c00000, 0x0000000617c00000, 0x0000000618000000|  0%| F|  |TAMS 0x0000000617c00000, 0x0000000617c00000| Untracked 
|  94|0x0000000618000000, 0x0000000618000000, 0x0000000618400000|  0%| F|  |TAMS 0x0000000618000000, 0x0000000618000000| Untracked 
|  95|0x0000000618400000, 0x0000000618400000, 0x0000000618800000|  0%| F|  |TAMS 0x0000000618400000, 0x0000000618400000| Untracked 
|  96|0x0000000618800000, 0x0000000618800000, 0x0000000618c00000|  0%| F|  |TAMS 0x0000000618800000, 0x0000000618800000| Untracked 
|  97|0x0000000618c00000, 0x0000000618c00000, 0x0000000619000000|  0%| F|  |TAMS 0x0000000618c00000, 0x0000000618c00000| Untracked 
|  98|0x0000000619000000, 0x0000000619000000, 0x0000000619400000|  0%| F|  |TAMS 0x0000000619000000, 0x0000000619000000| Untracked 
|  99|0x0000000619400000, 0x0000000619400000, 0x0000000619800000|  0%| F|  |TAMS 0x0000000619400000, 0x0000000619400000| Untracked 
| 100|0x0000000619800000, 0x0000000619800000, 0x0000000619c00000|  0%| F|  |TAMS 0x0000000619800000, 0x0000000619800000| Untracked 
| 101|0x0000000619c00000, 0x0000000619c00000, 0x000000061a000000|  0%| F|  |TAMS 0x0000000619c00000, 0x0000000619c00000| Untracked 
| 102|0x000000061a000000, 0x000000061a000000, 0x000000061a400000|  0%| F|  |TAMS 0x000000061a000000, 0x000000061a000000| Untracked 
| 103|0x000000061a400000, 0x000000061a400000, 0x000000061a800000|  0%| F|  |TAMS 0x000000061a400000, 0x000000061a400000| Untracked 
| 104|0x000000061a800000, 0x000000061a800000, 0x000000061ac00000|  0%| F|  |TAMS 0x000000061a800000, 0x000000061a800000| Untracked 
| 105|0x000000061ac00000, 0x000000061ac00000, 0x000000061b000000|  0%| F|  |TAMS 0x000000061ac00000, 0x000000061ac00000| Untracked 
| 106|0x000000061b000000, 0x000000061b000000, 0x000000061b400000|  0%| F|  |TAMS 0x000000061b000000, 0x000000061b000000| Untracked 
| 107|0x000000061b400000, 0x000000061b400000, 0x000000061b800000|  0%| F|  |TAMS 0x000000061b400000, 0x000000061b400000| Untracked 
| 108|0x000000061b800000, 0x000000061b800000, 0x000000061bc00000|  0%| F|  |TAMS 0x000000061b800000, 0x000000061b800000| Untracked 
| 109|0x000000061bc00000, 0x000000061bc00000, 0x000000061c000000|  0%| F|  |TAMS 0x000000061bc00000, 0x000000061bc00000| Untracked 
| 110|0x000000061c000000, 0x000000061c000000, 0x000000061c400000|  0%| F|  |TAMS 0x000000061c000000, 0x000000061c000000| Untracked 
| 111|0x000000061c400000, 0x000000061c400000, 0x000000061c800000|  0%| F|  |TAMS 0x000000061c400000, 0x000000061c400000| Untracked 
| 112|0x000000061c800000, 0x000000061c800000, 0x000000061cc00000|  0%| F|  |TAMS 0x000000061c800000, 0x000000061c800000| Untracked 
| 113|0x000000061cc00000, 0x000000061cc00000, 0x000000061d000000|  0%| F|  |TAMS 0x000000061cc00000, 0x000000061cc00000| Untracked 
| 114|0x000000061d000000, 0x000000061d000000, 0x000000061d400000|  0%| F|  |TAMS 0x000000061d000000, 0x000000061d000000| Untracked 
| 115|0x000000061d400000, 0x000000061d400000, 0x000000061d800000|  0%| F|  |TAMS 0x000000061d400000, 0x000000061d400000| Untracked 
| 116|0x000000061d800000, 0x000000061d800000, 0x000000061dc00000|  0%| F|  |TAMS 0x000000061d800000, 0x000000061d800000| Untracked 
| 117|0x000000061dc00000, 0x000000061dc00000, 0x000000061e000000|  0%| F|  |TAMS 0x000000061dc00000, 0x000000061dc00000| Untracked 
| 118|0x000000061e000000, 0x000000061e000000, 0x000000061e400000|  0%| F|  |TAMS 0x000000061e000000, 0x000000061e000000| Untracked 
| 119|0x000000061e400000, 0x000000061e400000, 0x000000061e800000|  0%| F|  |TAMS 0x000000061e400000, 0x000000061e400000| Untracked 
| 120|0x000000061e800000, 0x000000061e800000, 0x000000061ec00000|  0%| F|  |TAMS 0x000000061e800000, 0x000000061e800000| Untracked 
| 121|0x000000061ec00000, 0x000000061f000000, 0x000000061f000000|100%| S|CS|TAMS 0x000000061ec00000, 0x000000061ec00000| Complete 
| 122|0x000000061f000000, 0x000000061f000000, 0x000000061f400000|  0%| F|  |TAMS 0x000000061f000000, 0x000000061f000000| Untracked 
| 123|0x000000061f400000, 0x000000061f400000, 0x000000061f800000|  0%| F|  |TAMS 0x000000061f400000, 0x000000061f400000| Untracked 
| 124|0x000000061f800000, 0x000000061f800000, 0x000000061fc00000|  0%| F|  |TAMS 0x000000061f800000, 0x000000061f800000| Untracked 
| 125|0x000000061fc00000, 0x000000061fc00000, 0x0000000620000000|  0%| F|  |TAMS 0x000000061fc00000, 0x000000061fc00000| Untracked 
| 126|0x0000000620000000, 0x0000000620183918, 0x0000000620400000| 37%| E|  |TAMS 0x0000000620000000, 0x0000000620000000| Complete 
| 127|0x0000000620400000, 0x0000000620800000, 0x0000000620800000|100%| E|CS|TAMS 0x0000000620400000, 0x0000000620400000| Complete 

Card table byte_map: [0x000001a01c8b0000,0x000001a01d8b0000] _byte_map_base: 0x000001a0198ac000

Marking Bits (Prev, Next): (CMBitMap*) 0x000001a008f32300, (CMBitMap*) 0x000001a008f32340
 Prev Bits: [0x000001a01e8b0000, 0x000001a026890000)
 Next Bits: [0x000001a026890000, 0x000001a02e870000)

Polling page: 0x000001a0086a0000

Metaspace:

Usage:
  Non-class:     14.89 MB used.
      Class:      1.66 MB used.
       Both:     16.56 MB used.

Virtual space:
  Non-class space:       16.00 MB reserved,      14.94 MB ( 93%) committed,  2 nodes.
      Class space:        1.00 GB reserved,       1.75 MB ( <1%) committed,  1 nodes.
             Both:        1.02 GB reserved,      16.69 MB (  2%) committed. 

Chunk freelists:
   Non-Class:  768.00 KB
       Class:  2.20 MB
        Both:  2.95 MB

MaxMetaspaceSize: unlimited
CompressedClassSpaceSize: 1.00 GB
Initial GC threshold: 21.00 MB
Current GC threshold: 21.00 MB
CDS: off
MetaspaceReclaimPolicy: balanced
 - commit_granule_bytes: 65536.
 - commit_granule_words: 8192.
 - virtual_space_node_default_size: 1048576.
 - enlarge_chunks_in_place: 1.
 - new_chunks_are_fully_committed: 0.
 - uncommit_free_chunks: 1.
 - use_allocation_guard: 0.
 - handle_deallocations: 1.


Internal statistics:

num_allocs_failed_limit: 0.
num_arena_births: 128.
num_arena_deaths: 0.
num_vsnodes_births: 3.
num_vsnodes_deaths: 0.
num_space_committed: 267.
num_space_uncommitted: 0.
num_chunks_returned_to_freelist: 0.
num_chunks_taken_from_freelist: 239.
num_chunk_merges: 0.
num_chunk_splits: 120.
num_chunks_enlarged: 47.
num_purges: 0.
num_inconsistent_stats: 0.

CodeHeap 'non-profiled nmethods': size=120000Kb used=864Kb max_used=864Kb free=119135Kb
 bounds [0x000001a014050000, 0x000001a0142c0000, 0x000001a01b580000]
CodeHeap 'profiled nmethods': size=120000Kb used=3022Kb max_used=3022Kb free=116977Kb
 bounds [0x000001a00cb20000, 0x000001a00ce20000, 0x000001a014050000]
CodeHeap 'non-nmethods': size=5760Kb used=1279Kb max_used=1355Kb free=4481Kb
 bounds [0x000001a00c580000, 0x000001a00c7f0000, 0x000001a00cb20000]
 total_blobs=2339 nmethods=1732 adapters=520
 compilation: enabled
              stopped_count=0, restarted_count=0
 full_count=0

Compilation events (20 events):
Event: 4.269 Thread 0x000001a031c9e6d0 1725       3       java.lang.StrictMath::floor (12 bytes)
Event: 4.269 Thread 0x000001a031c9e6d0 nmethod 1725 0x000001a00ce0db90 code [0x000001a00ce0dd60, 0x000001a00ce0de88]
Event: 4.288 Thread 0x000001a031c9e6d0 1727       3       sun.font.TrueTypeGlyphMapper::charsToGlyphsNS (147 bytes)
Event: 4.290 Thread 0x000001a031c9e6d0 nmethod 1727 0x000001a00ce0df10 code [0x000001a00ce0e100, 0x000001a00ce0e7f8]
Event: 4.290 Thread 0x000001a031c9e6d0 1726       3       sun.font.TrueTypeFont::getMapper (24 bytes)
Event: 4.291 Thread 0x000001a031c9e6d0 nmethod 1726 0x000001a00ce0ea90 code [0x000001a00ce0ec40, 0x000001a00ce0eea8]
Event: 4.312 Thread 0x000001a031c9e6d0 1728       3       java.util.concurrent.atomic.AtomicBoolean::set (14 bytes)
Event: 4.313 Thread 0x000001a031c9e6d0 nmethod 1728 0x000001a00ce0ef90 code [0x000001a00ce0f120, 0x000001a00ce0f298]
Event: 4.313 Thread 0x000001a031c9e6d0 1729   !   3       sun.java2d.SunGraphics2D::drawString (132 bytes)
Event: 4.315 Thread 0x000001a031c9e6d0 nmethod 1729 0x000001a00ce0f310 code [0x000001a00ce0f5a0, 0x000001a00ce10188]
Event: 4.315 Thread 0x000001a031c9e6d0 1730       3       sun.font.GlyphList::dispose (48 bytes)
Event: 4.316 Thread 0x000001a031c9e6d0 nmethod 1730 0x000001a00ce10690 code [0x000001a00ce10840, 0x000001a00ce10b18]
Event: 4.336 Thread 0x000001a031c9e6d0 1731       3       java.awt.geom.AffineTransform::scale (285 bytes)
Event: 4.338 Thread 0x000001a031c9e6d0 nmethod 1731 0x000001a00ce10c10 code [0x000001a00ce10e60, 0x000001a00ce11708]
Event: 4.338 Thread 0x000001a031c9e6d0 1732       3       sun.java2d.pipe.DrawImage::tryCopyOrScale (260 bytes)
Event: 4.340 Thread 0x000001a031c9e6d0 nmethod 1732 0x000001a00ce11890 code [0x000001a00ce11be0, 0x000001a00ce12cf8]
Event: 4.373 Thread 0x000001a031c9e6d0 1733       1       sun.java2d.StateTracker$2::isCurrent (2 bytes)
Event: 4.373 Thread 0x000001a031c9e6d0 nmethod 1733 0x000001a014128090 code [0x000001a014128220, 0x000001a0141282f8]
Event: 4.409 Thread 0x000001a031c9e6d0 1734       3       java.lang.Integer::toString (55 bytes)
Event: 4.409 Thread 0x000001a031c9e6d0 nmethod 1734 0x000001a00ce13190 code [0x000001a00ce13360, 0x000001a00ce136f8]

GC Heap History (2 events):
Event: 1.395 GC heap before
{Heap before GC invocations=0 (full 0):
 garbage-first heap   total 524288K, used 49152K [0x0000000600800000, 0x0000000800000000)
  region size 4096K, 6 young (24576K), 0 survivors (0K)
 Metaspace       used 16588K, committed 16832K, reserved 1064960K
  class space    used 1678K, committed 1792K, reserved 1048576K
}
Event: 1.399 GC heap after
{Heap after GC invocations=1 (full 0):
 garbage-first heap   total 524288K, used 23591K [0x0000000600800000, 0x0000000800000000)
  region size 4096K, 1 young (4096K), 1 survivors (4096K)
 Metaspace       used 16588K, committed 16832K, reserved 1064960K
  class space    used 1678K, committed 1792K, reserved 1048576K
}

Deoptimization events (20 events):
Event: 1.996 Thread 0x000001a0326aa070 DEOPT PACKING pc=0x000001a00cd26fb2 sp=0x0000001a6defdb80
Event: 1.996 Thread 0x000001a0326aa070 DEOPT UNPACKING pc=0x000001a00c5d2b43 sp=0x0000001a6defd020 mode 0
Event: 1.997 Thread 0x000001a0326aa070 DEOPT PACKING pc=0x000001a00cd26fb2 sp=0x0000001a6defdb80
Event: 1.997 Thread 0x000001a0326aa070 DEOPT UNPACKING pc=0x000001a00c5d2b43 sp=0x0000001a6defd020 mode 0
Event: 1.997 Thread 0x000001a0326aa070 DEOPT PACKING pc=0x000001a00cd26e77 sp=0x0000001a6defdb80
Event: 1.997 Thread 0x000001a0326aa070 DEOPT UNPACKING pc=0x000001a00c5d2b43 sp=0x0000001a6defd020 mode 0
Event: 1.998 Thread 0x000001a0326aa070 DEOPT PACKING pc=0x000001a00cd26e77 sp=0x0000001a6defdb80
Event: 1.998 Thread 0x000001a0326aa070 DEOPT UNPACKING pc=0x000001a00c5d2b43 sp=0x0000001a6defd020 mode 0
Event: 2.033 Thread 0x000001a0326aa070 Uncommon trap: trap_request=0xffffff45 fr.pc=0x000001a0140f39c0 relative=0x0000000000001320
Event: 2.033 Thread 0x000001a0326aa070 Uncommon trap: reason=unstable_if action=reinterpret pc=0x000001a0140f39c0 method=java.io.PushbackInputStream.read([BII)I @ 122 c2
Event: 2.033 Thread 0x000001a0326aa070 DEOPT PACKING pc=0x000001a0140f39c0 sp=0x0000001a6defda40
Event: 2.033 Thread 0x000001a0326aa070 DEOPT UNPACKING pc=0x000001a00c5d23a3 sp=0x0000001a6defda40 mode 2
Event: 2.033 Thread 0x000001a0326aa070 Uncommon trap: trap_request=0xffffff45 fr.pc=0x000001a0140f7af8 relative=0x00000000000000d8
Event: 2.033 Thread 0x000001a0326aa070 Uncommon trap: reason=unstable_if action=reinterpret pc=0x000001a0140f7af8 method=javazoom.jl.decoder.Bitstream.readBytes([BII)I @ 22 c2
Event: 2.033 Thread 0x000001a0326aa070 DEOPT PACKING pc=0x000001a0140f7af8 sp=0x0000001a6defdb00
Event: 2.033 Thread 0x000001a0326aa070 DEOPT UNPACKING pc=0x000001a00c5d23a3 sp=0x0000001a6defda88 mode 2
Event: 2.034 Thread 0x000001a0326aa070 Uncommon trap: trap_request=0xffffff45 fr.pc=0x000001a0140eae80 relative=0x0000000000001bc0
Event: 2.034 Thread 0x000001a0326aa070 Uncommon trap: reason=unstable_if action=reinterpret pc=0x000001a0140eae80 method=javazoom.spi.mpeg.sampled.convert.DecodedMpegAudioInputStream.execute()V @ 65 c2
Event: 2.034 Thread 0x000001a0326aa070 DEOPT PACKING pc=0x000001a0140eae80 sp=0x0000001a6defdc50
Event: 2.034 Thread 0x000001a0326aa070 DEOPT UNPACKING pc=0x000001a00c5d23a3 sp=0x0000001a6defdc28 mode 2

Classes unloaded (0 events):
No events

Classes redefined (0 events):
No events

Internal exceptions (20 events):
Event: 0.193 Thread 0x000001a008ebb740 Exception <a 'java/lang/NoSuchMethodError'{0x000000062065bde0}: 'void java.lang.invoke.DirectMethodHandle$Holder.invokeSpecial(java.lang.Object, java.lang.Object, java.lang.Object, java.lang.Object, java.lang.Object)'> (0x000000062065bde0) 
thrown [e:\jenkins\tmp\workspace\build\src\src\hotspot\share\interpreter\linkResolver.cpp, line 766]
Event: 0.196 Thread 0x000001a008ebb740 Exception <a 'java/lang/NoSuchMethodError'{0x000000062066ced0}: 'java.lang.Object java.lang.invoke.DirectMethodHandle$Holder.invokeInterface(java.lang.Object, java.lang.Object)'> (0x000000062066ced0) 
thrown [e:\jenkins\tmp\workspace\build\src\src\hotspot\share\interpreter\linkResolver.cpp, line 766]
Event: 0.196 Thread 0x000001a008ebb740 Exception <a 'java/lang/IncompatibleClassChangeError'{0x0000000620670420}: Found class java.lang.Object, but interface was expected> (0x0000000620670420) 
thrown [e:\jenkins\tmp\workspace\build\src\src\hotspot\share\interpreter\linkResolver.cpp, line 833]
Event: 0.196 Thread 0x000001a008ebb740 Exception <a 'java/lang/NoSuchMethodError'{0x00000006206731e8}: 'void java.lang.invoke.DirectMethodHandle$Holder.invokeStatic(java.lang.Object, java.lang.Object, java.lang.Object, java.lang.Object)'> (0x00000006206731e8) 
thrown [e:\jenkins\tmp\workspace\build\src\src\hotspot\share\interpreter\linkResolver.cpp, line 766]
Event: 0.242 Thread 0x000001a008ebb740 Exception <a 'java/lang/ClassNotFoundException'{0x000000062072c408}: sun/awt/resources/spi/awtProvider> (0x000000062072c408) 
thrown [e:\jenkins\tmp\workspace\build\src\src\hotspot\share\classfile\systemDictionary.cpp, line 256]
Event: 0.264 Thread 0x000001a008ebb740 Exception <a 'java/io/FileNotFoundException'{0x000000062077fc80}> (0x000000062077fc80) 
thrown [e:\jenkins\tmp\workspace\build\src\src\hotspot\share\prims\jni.cpp, line 516]
Event: 0.270 Thread 0x000001a008ebb740 Exception <a 'java/io/FileNotFoundException'{0x00000006207acf30}> (0x00000006207acf30) 
thrown [e:\jenkins\tmp\workspace\build\src\src\hotspot\share\prims\jni.cpp, line 516]
Event: 0.315 Thread 0x000001a008ebb740 Exception <a 'java/lang/NoSuchMethodError'{0x00000006207f72d0}: 'java.lang.Object java.lang.invoke.DirectMethodHandle$Holder.invokeStaticInit(java.lang.Object)'> (0x00000006207f72d0) 
thrown [e:\jenkins\tmp\workspace\build\src\src\hotspot\share\interpreter\linkResolver.cpp, line 766]
Event: 0.492 Thread 0x000001a008ebb740 Exception <a 'java/lang/NoSuchMethodError'{0x0000000620067610}: 'java.lang.Object java.lang.invoke.DirectMethodHandle$Holder.newInvokeSpecial(java.lang.Object, java.lang.Object, java.lang.Object, java.lang.Object, java.lang.Object)'> (0x0000000620067610) 
thrown [e:\jenkins\tmp\workspace\build\src\src\hotspot\share\interpreter\linkResolver.cpp, line 766]
Event: 0.494 Thread 0x000001a008ebb740 Exception <a 'java/lang/NoSuchMethodError'{0x0000000620072fd8}: 'java.lang.Object java.lang.invoke.DirectMethodHandle$Holder.invokeStatic(java.lang.Object, int, java.lang.Object, java.lang.Object, java.lang.Object, java.lang.Object)'> (0x0000000620072fd8) 
thrown [e:\jenkins\tmp\workspace\build\src\src\hotspot\share\interpreter\linkResolver.cpp, line 766]
Event: 0.501 Thread 0x000001a008ebb740 Exception <a 'java/lang/NoSuchMethodError'{0x00000006201138b0}: 'java.lang.Object java.lang.invoke.DirectMethodHandle$Holder.invokeStatic(java.lang.Object, int, java.lang.Object)'> (0x00000006201138b0) 
thrown [e:\jenkins\tmp\workspace\build\src\src\hotspot\share\interpreter\linkResolver.cpp, line 766]
Event: 0.530 Thread 0x000001a008ebb740 Exception <a 'java/lang/ClassNotFoundException'{0x00000006201cab80}: com/sun/swing/internal/plaf/metal/resources/spi/metalProvider> (0x00000006201cab80) 
thrown [e:\jenkins\tmp\workspace\build\src\src\hotspot\share\classfile\systemDictionary.cpp, line 256]
Event: 0.531 Thread 0x000001a008ebb740 Exception <a 'java/lang/ClassNotFoundException'{0x00000006201ce9d8}: com/sun/swing/internal/plaf/basic/resources/spi/basicProvider> (0x00000006201ce9d8) 
thrown [e:\jenkins\tmp\workspace\build\src\src\hotspot\share\classfile\systemDictionary.cpp, line 256]
Event: 0.550 Thread 0x000001a03212ce60 Exception <a 'java/lang/NoSuchMethodError'{0x000000062008ba10}: 'void java.lang.invoke.DirectMethodHandle$Holder.invokeVirtual(java.lang.Object, java.lang.Object)'> (0x000000062008ba10) 
thrown [e:\jenkins\tmp\workspace\build\src\src\hotspot\share\interpreter\linkResolver.cpp, line 766]
Event: 0.567 Thread 0x000001a008ebb740 Exception <a 'java/lang/NoSuchMethodError'{0x0000000620289dc8}: 'void java.lang.invoke.DirectMethodHandle$Holder.invokeStaticInit(java.lang.Object)'> (0x0000000620289dc8) 
thrown [e:\jenkins\tmp\workspace\build\src\src\hotspot\share\interpreter\linkResolver.cpp, line 766]
Event: 0.652 Thread 0x000001a0326a95a0 Exception <a 'java/lang/NoSuchMethodError'{0x000000061fc2f2f8}: 'java.lang.Object java.lang.invoke.DirectMethodHandle$Holder.invokeStaticInit(java.lang.Object, int, int, int, int)'> (0x000000061fc2f2f8) 
thrown [e:\jenkins\tmp\workspace\build\src\src\hotspot\share\interpreter\linkResolver.cpp, line 766]
Event: 0.744 Thread 0x000001a0326a95a0 Exception <a 'java/lang/NoSuchMethodError'{0x000000061fd8c370}: 'java.lang.Object java.lang.invoke.DirectMethodHandle$Holder.invokeStaticInit(java.lang.Object, java.lang.Object, int, int, int, int)'> (0x000000061fd8c370) 
thrown [e:\jenkins\tmp\workspace\build\src\src\hotspot\share\interpreter\linkResolver.cpp, line 766]
Event: 1.085 Thread 0x000001a0326aa070 Exception <a 'java/lang/NoSuchMethodError'{0x000000061f6053d0}: 'int java.lang.invoke.DirectMethodHandle$Holder.invokeVirtual(java.lang.Object, java.lang.Object, java.lang.Object)'> (0x000000061f6053d0) 
thrown [e:\jenkins\tmp\workspace\build\src\src\hotspot\share\interpreter\linkResolver.cpp, line 766]
Event: 1.088 Thread 0x000001a0326aa070 Exception <a 'java/lang/NoSuchMethodError'{0x000000061f613880}: 'int java.lang.invoke.DirectMethodHandle$Holder.invokeSpecial(java.lang.Object, java.lang.Object, java.lang.Object)'> (0x000000061f613880) 
thrown [e:\jenkins\tmp\workspace\build\src\src\hotspot\share\interpreter\linkResolver.cpp, line 766]
Event: 2.034 Thread 0x000001a0326aa070 Implicit null exception at 0x000001a0140e9370 to 0x000001a0140eae68

VM Operations (20 events):
Event: 0.875 Executing VM operation: HandshakeAllThreads
Event: 0.875 Executing VM operation: HandshakeAllThreads done
Event: 0.966 Executing VM operation: HandshakeAllThreads
Event: 0.966 Executing VM operation: HandshakeAllThreads done
Event: 0.971 Executing VM operation: HandshakeAllThreads
Event: 0.971 Executing VM operation: HandshakeAllThreads done
Event: 0.971 Executing VM operation: HandshakeAllThreads
Event: 0.971 Executing VM operation: HandshakeAllThreads done
Event: 1.060 Executing VM operation: HandshakeAllThreads
Event: 1.060 Executing VM operation: HandshakeAllThreads done
Event: 1.060 Executing VM operation: Cleanup
Event: 1.060 Executing VM operation: Cleanup done
Event: 1.082 Executing VM operation: HandshakeAllThreads
Event: 1.082 Executing VM operation: HandshakeAllThreads done
Event: 1.395 Executing VM operation: G1CollectForAllocation
Event: 1.399 Executing VM operation: G1CollectForAllocation done
Event: 3.399 Executing VM operation: Cleanup
Event: 3.400 Executing VM operation: Cleanup done
Event: 4.400 Executing VM operation: Cleanup
Event: 4.400 Executing VM operation: Cleanup done

Events (20 events):
Event: 2.042 loading class sun/awt/ModalExclude done
Event: 2.042 loading class javax/swing/JWindow
Event: 2.043 loading class javax/swing/JWindow done
Event: 2.043 loading class javax/swing/Popup$HeavyWeightWindow done
Event: 2.049 loading class sun/java2d/loops/MaskBlit$General
Event: 2.049 loading class sun/java2d/loops/GraphicsPrimitive$GeneralBinaryOp
Event: 2.049 loading class sun/java2d/loops/GraphicsPrimitive$GeneralBinaryOp done
Event: 2.049 loading class sun/java2d/loops/MaskBlit$General done
Event: 2.384 Thread 0x000001a03b261170 Thread exited: 0x000001a03b261170
Event: 2.424 Thread 0x000001a03ac72650 Thread exited: 0x000001a03ac72650
Event: 4.399 Thread 0x000001a03af328e0 Thread added: 0x000001a03af328e0
Event: 4.399 Thread 0x000001a03af30730 Thread added: 0x000001a03af30730
Event: 4.399 Thread 0x000001a03af32410 Thread added: 0x000001a03af32410
Event: 4.400 loading class java/util/WeakHashMap$KeyIterator
Event: 4.400 Thread 0x000001a03af30730 Thread exited: 0x000001a03af30730
Event: 4.400 loading class java/util/WeakHashMap$HashIterator
Event: 4.400 loading class java/util/WeakHashMap$HashIterator done
Event: 4.400 loading class java/util/WeakHashMap$KeyIterator done
Event: 4.400 Thread 0x000001a03af328e0 Thread exited: 0x000001a03af328e0
Event: 4.400 Thread 0x000001a032712990 Thread exited: 0x000001a032712990


Dynamic libraries:
0x00007ff75fd60000 - 0x00007ff75fd6e000 	C:\Users\Mario\.p2\pool\plugins\org.eclipse.justj.openjdk.hotspot.jre.full.win32.x86_64_17.0.2.v20220201-1208\jre\bin\javaw.exe
0x00007ffbd84b0000 - 0x00007ffbd86a5000 	C:\WINDOWS\SYSTEM32\ntdll.dll
0x00007ffbd7520000 - 0x00007ffbd75de000 	C:\WINDOWS\System32\KERNEL32.DLL
0x00007ffbd6070000 - 0x00007ffbd6338000 	C:\WINDOWS\System32\KERNELBASE.dll
0x00007ffbd6370000 - 0x00007ffbd6470000 	C:\WINDOWS\System32\ucrtbase.dll
0x00007ffbd10d0000 - 0x00007ffbd10e9000 	C:\Users\Mario\.p2\pool\plugins\org.eclipse.justj.openjdk.hotspot.jre.full.win32.x86_64_17.0.2.v20220201-1208\jre\bin\VCRUNTIME140.dll
0x00007ffbbc5e0000 - 0x00007ffbbc5f8000 	C:\Users\Mario\.p2\pool\plugins\org.eclipse.justj.openjdk.hotspot.jre.full.win32.x86_64_17.0.2.v20220201-1208\jre\bin\jli.dll
0x00007ffbd7380000 - 0x00007ffbd7520000 	C:\WINDOWS\System32\USER32.dll
0x00007ffbd5dc0000 - 0x00007ffbd5de2000 	C:\WINDOWS\System32\win32u.dll
0x00007ffbc8b80000 - 0x00007ffbc8e1a000 	C:\WINDOWS\WinSxS\amd64_microsoft.windows.common-controls_6595b64144ccf1df_6.0.19041.1110_none_60b5254171f9507e\COMCTL32.dll
0x00007ffbd7130000 - 0x00007ffbd715b000 	C:\WINDOWS\System32\GDI32.dll
0x00007ffbd7eb0000 - 0x00007ffbd7f4e000 	C:\WINDOWS\System32\msvcrt.dll
0x00007ffbd5c60000 - 0x00007ffbd5d6b000 	C:\WINDOWS\System32\gdi32full.dll
0x00007ffbd6470000 - 0x00007ffbd650d000 	C:\WINDOWS\System32\msvcp_win.dll
0x00007ffbd7db0000 - 0x00007ffbd7de0000 	C:\WINDOWS\System32\IMM32.DLL
0x00007ffbd1090000 - 0x00007ffbd109c000 	C:\Users\Mario\.p2\pool\plugins\org.eclipse.justj.openjdk.hotspot.jre.full.win32.x86_64_17.0.2.v20220201-1208\jre\bin\vcruntime140_1.dll
0x00007ffbac060000 - 0x00007ffbac0f1000 	C:\Users\Mario\.p2\pool\plugins\org.eclipse.justj.openjdk.hotspot.jre.full.win32.x86_64_17.0.2.v20220201-1208\jre\bin\msvcp140.dll
0x00007ffb744b0000 - 0x00007ffb750f7000 	C:\Users\Mario\.p2\pool\plugins\org.eclipse.justj.openjdk.hotspot.jre.full.win32.x86_64_17.0.2.v20220201-1208\jre\bin\server\jvm.dll
0x00007ffbd7c20000 - 0x00007ffbd7cce000 	C:\WINDOWS\System32\ADVAPI32.dll
0x00007ffbd7160000 - 0x00007ffbd71fc000 	C:\WINDOWS\System32\sechost.dll
0x00007ffbd81a0000 - 0x00007ffbd82c5000 	C:\WINDOWS\System32\RPCRT4.dll
0x00007ffbd8090000 - 0x00007ffbd8098000 	C:\WINDOWS\System32\PSAPI.DLL
0x00007ffbca810000 - 0x00007ffbca837000 	C:\WINDOWS\SYSTEM32\WINMM.dll
0x00007ffbc1370000 - 0x00007ffbc1379000 	C:\WINDOWS\SYSTEM32\WSOCK32.dll
0x00007ffbce260000 - 0x00007ffbce26a000 	C:\WINDOWS\SYSTEM32\VERSION.dll
0x00007ffbd76a0000 - 0x00007ffbd770b000 	C:\WINDOWS\System32\WS2_32.dll
0x00007ffbd4480000 - 0x00007ffbd4492000 	C:\WINDOWS\SYSTEM32\kernel.appcore.dll
0x00007ffbd10c0000 - 0x00007ffbd10ca000 	C:\Users\Mario\.p2\pool\plugins\org.eclipse.justj.openjdk.hotspot.jre.full.win32.x86_64_17.0.2.v20220201-1208\jre\bin\jimage.dll
0x00007ffbd39b0000 - 0x00007ffbd3b94000 	C:\WINDOWS\SYSTEM32\DBGHELP.DLL
0x00007ffbbca60000 - 0x00007ffbbca8c000 	C:\WINDOWS\SYSTEM32\dbgcore.DLL
0x00007ffbd5bd0000 - 0x00007ffbd5c52000 	C:\WINDOWS\System32\bcryptPrimitives.dll
0x00007ffbcfb00000 - 0x00007ffbcfb25000 	C:\Users\Mario\.p2\pool\plugins\org.eclipse.justj.openjdk.hotspot.jre.full.win32.x86_64_17.0.2.v20220201-1208\jre\bin\java.dll
0x00007ffbbc6b0000 - 0x00007ffbbc6c8000 	C:\Users\Mario\.p2\pool\plugins\org.eclipse.justj.openjdk.hotspot.jre.full.win32.x86_64_17.0.2.v20220201-1208\jre\bin\zip.dll
0x00007ffbd69e0000 - 0x00007ffbd7124000 	C:\WINDOWS\System32\SHELL32.dll
0x00007ffbd3ca0000 - 0x00007ffbd4434000 	C:\WINDOWS\SYSTEM32\windows.storage.dll
0x00007ffbd78c0000 - 0x00007ffbd7c14000 	C:\WINDOWS\System32\combase.dll
0x00007ffbd5630000 - 0x00007ffbd565c000 	C:\WINDOWS\SYSTEM32\Wldp.dll
0x00007ffbd83c0000 - 0x00007ffbd846d000 	C:\WINDOWS\System32\SHCORE.dll
0x00007ffbd7d50000 - 0x00007ffbd7da5000 	C:\WINDOWS\System32\shlwapi.dll
0x00007ffbd5b10000 - 0x00007ffbd5b2f000 	C:\WINDOWS\SYSTEM32\profapi.dll
0x00007ffbbc690000 - 0x00007ffbbc6a9000 	C:\Users\Mario\.p2\pool\plugins\org.eclipse.justj.openjdk.hotspot.jre.full.win32.x86_64_17.0.2.v20220201-1208\jre\bin\net.dll
0x00007ffbcd140000 - 0x00007ffbcd249000 	C:\WINDOWS\SYSTEM32\WINHTTP.dll
0x00007ffbd5390000 - 0x00007ffbd53fa000 	C:\WINDOWS\system32\mswsock.dll
0x00007ffbbc670000 - 0x00007ffbbc685000 	C:\Users\Mario\.p2\pool\plugins\org.eclipse.justj.openjdk.hotspot.jre.full.win32.x86_64_17.0.2.v20220201-1208\jre\bin\nio.dll
0x00007ffb766c0000 - 0x00007ffb7684e000 	C:\Users\Mario\.p2\pool\plugins\org.eclipse.justj.openjdk.hotspot.jre.full.win32.x86_64_17.0.2.v20220201-1208\jre\bin\awt.dll
0x00007ffbd7de0000 - 0x00007ffbd7ead000 	C:\WINDOWS\System32\OLEAUT32.dll
0x00007ffbd29f0000 - 0x00007ffbd2a80000 	C:\WINDOWS\SYSTEM32\apphelp.dll
0x00007ffbd3420000 - 0x00007ffbd344f000 	C:\WINDOWS\system32\DWMAPI.DLL
0x00007ffbd2b30000 - 0x00007ffbd2bce000 	C:\WINDOWS\system32\uxtheme.dll
0x00007ffba7be0000 - 0x00007ffba7d06000 	C:\WINDOWS\system32\opengl32.dll
0x00007ffbb2b30000 - 0x00007ffbb2b5c000 	C:\WINDOWS\SYSTEM32\GLU32.dll
0x00007ffbd7200000 - 0x00007ffbd7316000 	C:\WINDOWS\System32\MSCTF.dll
0x00007ffbd7f60000 - 0x00007ffbd808a000 	C:\WINDOWS\System32\ole32.dll
0x00007ffbd57b0000 - 0x00007ffbd57c2000 	C:\WINDOWS\SYSTEM32\msasn1.dll
0x00007ffbce220000 - 0x00007ffbce251000 	C:\WINDOWS\SYSTEM32\cryptnet.dll
0x00007ffbd5df0000 - 0x00007ffbd5f46000 	C:\WINDOWS\System32\CRYPT32.dll
0x00007ffbd55a0000 - 0x00007ffbd55ac000 	C:\WINDOWS\SYSTEM32\cryptbase.dll
0x00007ffbd6000000 - 0x00007ffbd6068000 	C:\WINDOWS\System32\WINTRUST.DLL
0x00007ffbd80a0000 - 0x00007ffbd80bd000 	C:\WINDOWS\System32\imagehlp.dll
0x00007ffbd5580000 - 0x00007ffbd5598000 	C:\WINDOWS\SYSTEM32\CRYPTSP.dll
0x00007ffbd4ca0000 - 0x00007ffbd4cd4000 	C:\WINDOWS\system32\rsaenh.dll
0x00007ffbd6340000 - 0x00007ffbd6367000 	C:\WINDOWS\System32\bcrypt.dll
0x00007ffbd4450000 - 0x00007ffbd4473000 	C:\WINDOWS\SYSTEM32\gpapi.dll
0x00007ffbcf8d0000 - 0x00007ffbcf90b000 	C:\WINDOWS\SYSTEM32\dxcore.dll
0x00007ffbd5d70000 - 0x00007ffbd5dbe000 	C:\WINDOWS\System32\cfgmgr32.dll
0x00007ffba7db0000 - 0x00007ffba7e39000 	C:\Users\Mario\.p2\pool\plugins\org.eclipse.justj.openjdk.hotspot.jre.full.win32.x86_64_17.0.2.v20220201-1208\jre\bin\freetype.dll
0x00007ffba75d0000 - 0x00007ffba7678000 	C:\Users\Mario\.p2\pool\plugins\org.eclipse.justj.openjdk.hotspot.jre.full.win32.x86_64_17.0.2.v20220201-1208\jre\bin\fontmanager.dll
0x00007ffba10b0000 - 0x00007ffba11a9000 	C:\WINDOWS\SYSTEM32\textinputframework.dll
0x00007ffbd27b0000 - 0x00007ffbd28a2000 	C:\WINDOWS\System32\CoreMessaging.dll
0x00007ffbd2450000 - 0x00007ffbd27ae000 	C:\WINDOWS\System32\CoreUIComponents.dll
0x00007ffbd48b0000 - 0x00007ffbd48e3000 	C:\WINDOWS\SYSTEM32\ntmarta.dll
0x00007ffbd1d80000 - 0x00007ffbd1ed4000 	C:\WINDOWS\SYSTEM32\wintypes.dll
0x00007ffbd5a90000 - 0x00007ffbd5abe000 	C:\WINDOWS\SYSTEM32\USERENV.dll
0x00007ffbd5030000 - 0x00007ffbd506b000 	C:\WINDOWS\SYSTEM32\IPHLPAPI.DLL
0x00007ffbd7f50000 - 0x00007ffbd7f58000 	C:\WINDOWS\System32\NSI.dll
0x00007ffbcea20000 - 0x00007ffbcea37000 	C:\WINDOWS\SYSTEM32\dhcpcsvc6.DLL
0x00007ffbcea00000 - 0x00007ffbcea1d000 	C:\WINDOWS\SYSTEM32\dhcpcsvc.DLL
0x00007ffbd5070000 - 0x00007ffbd513a000 	C:\WINDOWS\SYSTEM32\DNSAPI.dll
0x00007ffbc9740000 - 0x00007ffbc9750000 	C:\Users\Mario\.p2\pool\plugins\org.eclipse.justj.openjdk.hotspot.jre.full.win32.x86_64_17.0.2.v20220201-1208\jre\bin\verify.dll
0x00007ffbb2b10000 - 0x00007ffbb2b21000 	C:\Users\Mario\.p2\pool\plugins\org.eclipse.justj.openjdk.hotspot.jre.full.win32.x86_64_17.0.2.v20220201-1208\jre\bin\jsound.dll
0x00007ffbc1380000 - 0x00007ffbc141c000 	C:\WINDOWS\SYSTEM32\DSOUND.dll
0x00007ffbd51a0000 - 0x00007ffbd51eb000 	C:\WINDOWS\SYSTEM32\powrprof.dll
0x00007ffbc6920000 - 0x00007ffbc6946000 	C:\WINDOWS\SYSTEM32\winmmbase.dll
0x00007ffbd5010000 - 0x00007ffbd5022000 	C:\WINDOWS\SYSTEM32\UMPDC.dll
0x00007ffbd75e0000 - 0x00007ffbd7689000 	C:\WINDOWS\System32\clbcatq.dll
0x00007ffbcee20000 - 0x00007ffbceea5000 	C:\WINDOWS\System32\MMDevApi.dll
0x00007ffbd5970000 - 0x00007ffbd59a3000 	C:\WINDOWS\System32\DEVOBJ.dll
0x00007ffbb29e0000 - 0x00007ffbb2a26000 	C:\WINDOWS\SYSTEM32\wdmaud.drv
0x00007ffb9f460000 - 0x00007ffb9f469000 	C:\WINDOWS\SYSTEM32\ksuser.dll
0x00007ffbce550000 - 0x00007ffbce55a000 	C:\WINDOWS\SYSTEM32\AVRT.dll
0x00007ffbcf0b0000 - 0x00007ffbcf232000 	C:\WINDOWS\SYSTEM32\AUDIOSES.DLL
0x00007ffbd1080000 - 0x00007ffbd108d000 	C:\WINDOWS\SYSTEM32\msacm32.drv
0x00007ffbb1b30000 - 0x00007ffbb1b4e000 	C:\WINDOWS\SYSTEM32\MSACM32.dll
0x00007ffbd1070000 - 0x00007ffbd107b000 	C:\WINDOWS\SYSTEM32\midimap.dll
0x00007ffbd3320000 - 0x00007ffbd3334000 	C:\WINDOWS\SYSTEM32\resourcepolicyclient.dll
0x00007ffb9d9d0000 - 0x00007ffb9db11000 	C:\Windows\System32\Windows.UI.dll
0x00007ffb9d870000 - 0x00007ffb9d9c2000 	C:\Windows\System32\InputHost.dll
0x00007ffbcdf30000 - 0x00007ffbcdfd1000 	C:\Windows\System32\WindowManagementAPI.dll
0x00007ffbd30e0000 - 0x00007ffbd31d6000 	C:\Windows\System32\PROPSYS.dll
0x00007ffbcdd20000 - 0x00007ffbcdf21000 	C:\WINDOWS\SYSTEM32\twinapi.appcore.dll

dbghelp: loaded successfully - version: 4.0.5 - missing functions: none
symbol engine: initialized successfully - sym options: 0x614 - pdb path: .;C:\Users\Mario\.p2\pool\plugins\org.eclipse.justj.openjdk.hotspot.jre.full.win32.x86_64_17.0.2.v20220201-1208\jre\bin;C:\WINDOWS\SYSTEM32;C:\WINDOWS\WinSxS\amd64_microsoft.windows.common-controls_6595b64144ccf1df_6.0.19041.1110_none_60b5254171f9507e;C:\Users\Mario\.p2\pool\plugins\org.eclipse.justj.openjdk.hotspot.jre.full.win32.x86_64_17.0.2.v20220201-1208\jre\bin\server;C:\WINDOWS\System32\DriverStore\FileRepository\nvamsi.inf_amd64_5aae7840d9b513d6

VM Arguments:
jvm_args: -Dfile.encoding=Cp1250 --module-path=C:\Users\Mario\git\JavaProject_2D_FPS\Libs\jl.jar;C:\Users\Mario\git\JavaProject_2D_FPS\Libs\mpspi.jar;C:\Users\Mario\git\JavaProject_2D_FPS\Libs\tritonus_share.jar -XX:+ShowCodeDetailsInExceptionMessages 
java_command: Main.Main
java_class_path (initial): C:\Users\Mario\git\JavaProject_2D_FPS\2D BattleRoyal\bin
Launcher Type: SUN_STANDARD

[Global flags]
     intx CICompilerCount                          = 4                                         {product} {ergonomic}
     uint ConcGCThreads                            = 2                                         {product} {ergonomic}
     uint G1ConcRefinementThreads                  = 8                                         {product} {ergonomic}
   size_t G1HeapRegionSize                         = 4194304                                   {product} {ergonomic}
    uintx GCDrainStackTargetSize                   = 64                                        {product} {ergonomic}
   size_t InitialHeapSize                          = 536870912                                 {product} {ergonomic}
   size_t MarkStackSize                            = 4194304                                   {product} {ergonomic}
   size_t MaxHeapSize                              = 8581545984                                {product} {ergonomic}
   size_t MaxNewSize                               = 5146411008                                {product} {ergonomic}
   size_t MinHeapDeltaBytes                        = 4194304                                   {product} {ergonomic}
   size_t MinHeapSize                              = 8388608                                   {product} {ergonomic}
    uintx NonNMethodCodeHeapSize                   = 5839372                                {pd product} {ergonomic}
    uintx NonProfiledCodeHeapSize                  = 122909434                              {pd product} {ergonomic}
    uintx ProfiledCodeHeapSize                     = 122909434                              {pd product} {ergonomic}
    uintx ReservedCodeCacheSize                    = 251658240                              {pd product} {ergonomic}
     bool SegmentedCodeCache                       = true                                      {product} {ergonomic}
     bool ShowCodeDetailsInExceptionMessages       = true                                   {manageable} {command line}
   size_t SoftMaxHeapSize                          = 8581545984                             {manageable} {ergonomic}
     bool UseCompressedClassPointers               = true                           {product lp64_product} {ergonomic}
     bool UseCompressedOops                        = true                           {product lp64_product} {ergonomic}
     bool UseG1GC                                  = true                                      {product} {ergonomic}
     bool UseLargePagesIndividualAllocation        = false                                  {pd product} {ergonomic}

Logging:
Log output configuration:
 #0: stdout all=warning uptime,level,tags
 #1: stderr all=off uptime,level,tags

Environment Variables:
PATH=C:/Users/Mario/.p2/pool/plugins/org.eclipse.justj.openjdk.hotspot.jre.full.win32.x86_64_17.0.2.v20220201-1208/jre/bin/server;C:/Users/Mario/.p2/pool/plugins/org.eclipse.justj.openjdk.hotspot.jre.full.win32.x86_64_17.0.2.v20220201-1208/jre/bin;D:\SQL\dbhomeXE\bin;C:\Program Files (x86)\Common Files\Oracle\Java\javapath;C:\Windows\system32;C:\Windows;C:\Windows\System32\Wbem;C:\Windows\System32\WindowsPowerShell\v1.0\;C:\Windows\System32\OpenSSH\;C:\Program Files (x86)\NVIDIA Corporation\PhysX\Common;C:\WINDOWS\system32;C:\WINDOWS;C:\WINDOWS\System32\Wbem;C:\WINDOWS\System32\WindowsPowerShell\v1.0\;C:\WINDOWS\System32\OpenSSH\;C:\Program Files\dotnet\;C:\Program Files\Microsoft SQL Server\130\Tools\Binn\;C:\Program Files\Microsoft SQL Server\Client SDK\ODBC\170\Tools\Binn\;C;C:\Program Files (x86)\IVI Foundation\VISA\WinNT\Bin\;C:\Program Files\IVI Foundation\VISA\Win64\Bin\;C:\Program Files (x86)\IVI Foundation\VISA\WinNT\Bin;C:\Users\Mario\Downloads\instantclient-basic-windows.x64-21.3.0.0.0\instantclient_21_3;C:\Program Files\Git\cmd;C;D:\Program Files (x86)\Microsoft VS Code\bin;C:\Program Files\Microchip\xc8\v2.36\bin;C:\MinGW;C:\Users\Mario\Desktop;
USERNAME=Mario
OS=Windows_NT
PROCESSOR_IDENTIFIER=Intel64 Family 6 Model 158 Stepping 9, GenuineIntel



---------------  S Y S T E M  ---------------

OS:
 Windows 10 , 64 bit Build 19041 (10.0.19041.1566)
OS uptime: 0 days 3:42 hours

CPU: total 8 (initial active 8) (4 cores per cpu, 2 threads per core) family 6 model 158 stepping 9 microcode 0xd6, cx8, cmov, fxsr, ht, mmx, 3dnowpref, sse, sse2, sse3, ssse3, sse4.1, sse4.2, popcnt, lzcnt, tsc, tscinvbit, avx, avx2, erms, clmul, bmi1, bmi2, adx, fma, vzeroupper, clflush, clflushopt

Memory: 4k page, system-wide physical 32723M (23240M free)
TotalPageFile size 37587M (AvailPageFile size 24312M)
current process WorkingSet (physical memory assigned to process): 201M, peak: 239M
current process commit charge ("private bytes"): 687M, peak: 726M

vm_info: OpenJDK 64-Bit Server VM (17.0.2+8) for windows-amd64 JRE (17.0.2+8), built on Jan 20 2022 04:52:34 by "" with MS VC++ 16.7 (VS2019)

END.
